<?xml version="1.0" encoding="UTF-8"?>
<!-- Generated by org.testng.reporters.JUnitXMLReporter -->
<testsuite ignored="0" hostname="DESKTOP-S4B5J1M" failures="0" tests="2" name="Test" time="27.045" errors="0" timestamp="2023-09-06T13:44:04 IST">
  <testcase classname="Module1_login_Test.PBContactsDetailsVerification" name="@BeforeMethod loginToApp1" time="9.291">
    <failure type="org.openqa.selenium.ElementNotInteractableException" message="element not interactable: [object HTMLDivElement] has no size and location
  (Session info: chrome=116.0.5845.141)
Build info: version: &amp;apos;4.12.1&amp;apos;, revision: &amp;apos;8e34639b11&amp;apos;
System info: os.name: &amp;apos;Windows 10&amp;apos;, os.arch: &amp;apos;amd64&amp;apos;, os.version: &amp;apos;10.0&amp;apos;, java.version: &amp;apos;18&amp;apos;
Driver info: org.openqa.selenium.chrome.ChromeDriver
Command: [9d5ee7e38f4584d9d3428fe993f0d424, actions {actions=[org.openqa.selenium.interactions.Sequence@15d0849]}]
Capabilities {acceptInsecureCerts: false, browserName: chrome, browserVersion: 116.0.5845.141, chrome: {chromedriverVersion: 116.0.5845.96 (1a3918166880..., userDataDir: C:\Users\Shree\AppData\Loca...}, fedcm:accounts: true, goog:chromeOptions: {debuggerAddress: localhost:51888}, networkConnectionEnabled: false, pageLoadStrategy: normal, platformName: windows, proxy: Proxy(), se:cdp: ws://localhost:51888/devtoo..., se:cdpVersion: 116.0.5845.141, setWindowRect: true, strictFileInteractability: false, timeouts: {implicit: 0, pageLoad: 300000, script: 30000}, unhandledPromptBehavior: dismiss and notify, webauthn:extension:credBlob: true, webauthn:extension:largeBlob: true, webauthn:extension:minPinLength: true, webauthn:extension:prf: true, webauthn:virtualAuthenticators: true}
Session ID: 9d5ee7e38f4584d9d3428fe993f0d424">
      <![CDATA[org.openqa.selenium.ElementNotInteractableException: element not interactable: [object HTMLDivElement] has no size and location
  (Session info: chrome=116.0.5845.141)
Build info: version: '4.12.1', revision: '8e34639b11'
System info: os.name: 'Windows 10', os.arch: 'amd64', os.version: '10.0', java.version: '18'
Driver info: org.openqa.selenium.chrome.ChromeDriver
Command: [9d5ee7e38f4584d9d3428fe993f0d424, actions {actions=[org.openqa.selenium.interactions.Sequence@15d0849]}]
Capabilities {acceptInsecureCerts: false, browserName: chrome, browserVersion: 116.0.5845.141, chrome: {chromedriverVersion: 116.0.5845.96 (1a3918166880..., userDataDir: C:\Users\Shree\AppData\Loca...}, fedcm:accounts: true, goog:chromeOptions: {debuggerAddress: localhost:51888}, networkConnectionEnabled: false, pageLoadStrategy: normal, platformName: windows, proxy: Proxy(), se:cdp: ws://localhost:51888/devtoo..., se:cdpVersion: 116.0.5845.141, setWindowRect: true, strictFileInteractability: false, timeouts: {implicit: 0, pageLoad: 300000, script: 30000}, unhandledPromptBehavior: dismiss and notify, webauthn:extension:credBlob: true, webauthn:extension:largeBlob: true, webauthn:extension:minPinLength: true, webauthn:extension:prf: true, webauthn:virtualAuthenticators: true}
Session ID: 9d5ee7e38f4584d9d3428fe993f0d424
at org.openqa.selenium.remote.codec.w3c.W3CHttpResponseCodec.createException(W3CHttpResponseCodec.java:200)
at org.openqa.selenium.remote.codec.w3c.W3CHttpResponseCodec.decode(W3CHttpResponseCodec.java:133)
at org.openqa.selenium.remote.codec.w3c.W3CHttpResponseCodec.decode(W3CHttpResponseCodec.java:52)
at org.openqa.selenium.remote.HttpCommandExecutor.execute(HttpCommandExecutor.java:191)
at org.openqa.selenium.remote.service.DriverCommandExecutor.invokeExecute(DriverCommandExecutor.java:196)
at org.openqa.selenium.remote.service.DriverCommandExecutor.execute(DriverCommandExecutor.java:171)
at org.openqa.selenium.remote.RemoteWebDriver.execute(RemoteWebDriver.java:602)
at org.openqa.selenium.remote.RemoteWebDriver.perform(RemoteWebDriver.java:688)
at org.openqa.selenium.interactions.Actions$BuiltAction.perform(Actions.java:605)
at org.openqa.selenium.interactions.Actions.perform(Actions.java:574)
at Module1_Login.PBHomePage.openDDOptionPBHomePageMyAcc(PBHomePage.java:24)
at Module1_login_Test.PBContactsDetailsVerification.loginToApp1(PBContactsDetailsVerification.java:84)
at java.base/java.util.ArrayList.forEach(ArrayList.java:1511)
... Removed 32 stack frames]]>
    </failure>
  </testcase> <!-- @BeforeMethod loginToApp1 -->
  <testcase classname="Module1_login_Test.PBContactsDetailsVerification" name="@AfterMethod name" time="-1.693988044542E9">
    <skipped/>
  </testcase> <!-- @AfterMethod name -->
  <testcase classname="Module1_login_Test.PBContactsDetailsVerification" name="@BeforeMethod loginToApp1" time="-1.693988044546E9">
    <skipped/>
  </testcase> <!-- @BeforeMethod loginToApp1 -->
  <testcase classname="Module1_login_Test.PBContactsDetailsVerification" name="@AfterMethod name" time="-1.693988044556E9">
    <skipped/>
  </testcase> <!-- @AfterMethod name -->
  <testcase classname="Module1_login_Test.PBContactsDetailsVerification" name="@AfterClass closeBrowser" time="-1.693988044557E9">
    <skipped/>
  </testcase> <!-- @AfterClass closeBrowser -->
  <testcase classname="Module1_login_Test.PBContactsDetailsVerification" name="@AfterTest clean" time="-1.693988044559E9">
    <skipped/>
  </testcase> <!-- @AfterTest clean -->
  <testcase classname="Module1_login_Test.PBContactsDetailsVerification" name="verifyMobNumber" time="0.0">
    <skipped/>
  </testcase> <!-- verifyMobNumber -->
  <testcase classname="Module1_login_Test.PBContactsDetailsVerification" name="verifyEmail" time="0.0">
    <skipped/>
  </testcase> <!-- verifyEmail -->
</testsuite> <!-- Test -->
